Mon Jul 21 2014 11:17:47 GMT-0700 (PDT):
{ [Error: getaddrinfo ENOTFOUND]
  stack: [Getter/Setter],
  code: 'ENOTFOUND',
  errno: 'ENOTFOUND',
  syscall: 'getaddrinfo',
  __frame: 
   { name: 'updateSite__10',
     line: 546,
     file: '/Users/austentalbot/.nvm/v0.10.29/lib/node_modules/azure-cli/lib/commands/asm/websites/websitesclient._js',
     prev: 
      { name: '__12',
        line: 836,
        file: '/Users/austentalbot/.nvm/v0.10.29/lib/node_modules/azure-cli/lib/commands/asm/site._js',
        prev: undefined,
        active: false,
        offset: 13,
        col: 10 },
     active: false,
     offset: 7,
     col: 13 },
  rawStack: [Getter] }
Error: getaddrinfo ENOTFOUND
    at errnoException (dns.js:37:11)
    at Object.onanswer [as oncomplete] (dns.js:124:16)
    at updateSite__10 (/Users/austentalbot/.nvm/v0.10.29/lib/node_modules/azure-cli/lib/commands/asm/websites/websitesclient._js:553:13)
    at __12 (/Users/austentalbot/.nvm/v0.10.29/lib/node_modules/azure-cli/lib/commands/asm/site._js:849:10)

